16.395290
14.900548
16.472173
13.587202
10.558253
8.015984
16.756157
12.391983
9.656008
8.528882
8.575653
10.908576
6.474096
4.540896
6.629505
9.922810
6.249172
3.691414
8.862187
9.515052
9.715562
9.688710
6.924913
9.239707
10.241606
8.632789
10.415816
12.606769
8.171685
13.700234
8.431850
9.318679
10.886490
9.390395
6.259711
10.405181
8.660790
4.412661
7.571077
9.318346
6.310781
8.167463
11.972043
12.656953
7.097763
5.078708
8.586874
12.864649
10.063107
14.054789
11.780625
12.718163
9.003163
8.552184
7.539194
13.779062
14.943020
8.098056
7.699522
10.628972
6.501195
7.934174
8.868726
10.660015
12.188329
7.065357
7.064034
13.457868
9.968310
8.436314
8.908844
11.185271
6.077628
10.400676
11.927089
6.710844
9.370838
5.236721
10.950527
11.334507
2.884110
16.154932
10.305955
12.735742
6.050997
8.114190
6.524112
4.620285
9.579909
6.508261
9.072307
7.525958
10.194396
16.268192
8.166395
13.871336
13.155368
11.378751
9.215594
9.595888
13.535696
14.935930
7.916729
9.724214
3.641983
9.131443
12.892818
9.822654
7.840135
10.985063
7.542001
12.054627
8.521896
12.411759
7.849653
14.299834
5.837260
7.365368
10.808348
9.599486
13.780765
6.957848
7.759365
10.837190
9.833629
12.357163
7.310208
8.778713
8.605794
6.332990
9.462779
6.081846
9.178663
9.822769
7.246081
15.113465
8.970107
6.447542
14.359936
10.806281
10.401842
9.182515
6.934871
10.485057
8.957048
11.037161
16.243365
8.818186
9.113812
10.678662
11.218274
12.053185
13.753066
7.932927
8.188546
13.934855
12.023091
14.512907
12.056713
9.450293
12.402741
11.296620
8.050759
10.249440
15.104249
11.620052
7.059531
9.540257
2.953241
13.926118
4.913597
10.408547
8.916204
9.166829
17.069125
5.144119
8.850704
11.393964
12.293758
5.945023
8.990950
8.048985
10.058436
10.950452
9.869233
8.749708
5.395800
8.052441
14.620305
9.425934
7.073806
5.391061
5.579205
9.083559
8.620068
9.236317
9.136711
11.485485
11.208694
15.846737
5.504061
11.510967
11.882379
8.138416
5.424662
12.976565
9.272525
4.982705
9.916482
6.510167
11.403905
8.046869
8.928820
4.013170
12.694042
11.010114
11.370084
18.441764
10.836714
9.322181
12.524640
9.203326
11.652572
14.044831
13.193349
9.104528
6.199387
7.935102
12.183787
9.709470
11.234494
7.436699
7.322864
14.481482
4.954157
5.657930
8.129898
7.600241
8.538307
7.282650
9.489781
3.878478
7.635377
12.335480
14.752466
12.357423
11.775612
10.100730
13.627787
9.886167
7.079997
10.519596
2.128194
7.473118
7.391808
8.070328
10.388839
12.236982
5.366651
10.477297
13.113874
11.749414
7.738851
15.734509
8.505976
9.994866
8.964136
14.938006
11.969374
12.003268
7.364901
8.367410
9.198416
12.771352
6.758299
11.683369
12.585099
14.198224
9.046816
12.262267
8.639029
6.381152
10.440716
6.092819
13.284556
9.916907
6.091053
8.566900
10.303284
7.031394
10.200323
14.315473
4.871002
11.663051
10.277110
12.001882
9.142195
8.215200
5.685133
8.609428
13.499228
8.006285
8.205461
9.140894
6.893736
10.024281
12.254543
11.334842
9.034066
12.781629
11.947068
10.616823
10.906620
15.240375
12.021850
9.176892
10.211806
8.643052
7.894687
13.130119
11.491255
10.989663
12.189719
8.923190
11.352777
8.100049
8.151924
13.482900
9.965724
9.264861
6.964944
11.323012
7.023301
8.755791
8.226351
16.648960
11.681130
14.231174
7.943548
10.775822
9.644291
9.620254
10.032760
15.026012
14.277700
8.643071
11.585616
7.516991
6.999302
4.684296
5.291349
7.027073
10.838961
10.113844
9.374172
10.288310
5.426894
8.471845
8.589078
9.275587
11.681761
9.125652
10.434076
7.653183
9.212606
7.900944
8.117224
10.543358
10.042601
13.946667
8.214153
12.934842
11.572167
13.656778
10.945402
11.102076
11.127381
11.701715
8.759376
8.463900
12.881005
7.616165
13.819233
10.125218
13.774966
11.761881
9.523542
11.312049
8.231443
10.910308
13.046624
12.567098
10.606780
10.325752
14.998025
14.493460
10.071250
5.873884
10.385842
14.437778
7.371120
10.038462
11.711895
8.129566
14.207906
9.368431
12.139451
8.882048
11.194139
8.895460
8.592883
16.763695
8.092160
7.565673
13.126449
8.152901
11.815886
17.069300
14.257645
8.829799
10.739716
8.917681
14.151310
12.627242
13.117435
10.007886
8.297976
13.732516
10.881263
8.761151
8.568329
15.112003
14.461123
5.777400
8.614734
8.716813
7.935826
12.829697
10.025117
12.600043
10.927435
9.702510
16.814299
12.700634
10.973357
12.561422
19.412915
10.208785
9.864298
9.223806
7.085844
14.135661
4.783605
8.588950
12.235133
5.206492
13.590526
10.652633
10.418361
8.867549
10.663599
13.358537
8.844286
14.145078
12.757826
10.190578
7.733686
8.543720
15.084361
10.606249
14.751171
4.965165
11.884628
10.973664
15.860576
10.929229
6.884415
11.334923
10.005859
16.246854
11.588526
10.510249
2.210824
4.483052
13.526139
10.257419
12.053659
6.993871
11.051355
11.842219
6.589307
10.447762
15.330185
9.665073
12.533430
11.649219
13.917678
14.406890
8.160715
9.400386
8.030624
3.553018
11.497818
9.500362
14.514597
9.735477
6.280719
10.910738
9.881801
7.873113
10.833962
10.407457
13.050182
10.646000
11.020830
9.831987
10.718453
10.752337
8.680424
9.861916
7.749563
7.590646
8.798066
11.201710
14.099527
9.686799
9.098035
7.329116
6.929205
4.932655
10.144461
11.201424
14.591281
10.519670
9.272750
9.608490
12.558447
5.600325
9.997306
8.795691
6.141577
10.703691
15.908114
11.379750
10.083397
9.643394
15.115084
7.240552
8.907931
8.036214
19.322069
12.070577
1.566310
10.378850
9.515279
7.918559
8.865905
9.808752
10.827732
14.022584
11.949963
3.483479
7.790996
12.699050
10.396889
13.391676
12.243865
6.124719
9.168267
9.246827
9.063378
11.652829
15.260722
7.014753
8.817548
11.127191
7.658705
15.008931
12.012627
5.908854
7.083682
8.790946
10.564157
9.626873
8.077437
6.119063
8.933670
9.605344
7.221592
11.981482
10.381167
13.570205
9.046190
8.753735
13.273718
6.709152
6.836578
11.668087
8.726871
11.609091
14.295534
5.528461
6.687189
13.241530
15.105230
12.593911
9.766418
15.335408
9.871565
7.298750
13.286050
10.061757
7.622676
11.488735
8.031899
5.319094
12.362609
11.977972
13.352111
8.951157
6.338744
16.253302
8.057477
9.764915
11.535878
16.234462
8.008166
3.712244
5.756460
12.316653
6.530667
10.241454
6.965837
15.839537
6.977345
6.082112
9.939051
14.275373
6.565941
8.799078
11.310335
10.378489
12.526457
13.216538
10.647490
9.708986
11.692849
15.162054
8.501960
10.481631
11.360259
6.979823
6.226884
11.851799
9.304579
8.703501
9.056661
12.479225
14.263656
6.671243
11.723947
13.272031
5.473026
7.006739
11.252467
10.064741
10.075789
15.935823
13.377035
9.207868
4.344438
8.666925
8.381925
14.695518
17.998251
16.648221
13.630476
12.825693
18.121052
9.519429
11.187371
9.685506
12.117217
13.613163
15.620302
13.418443
8.317537
5.364939
10.913291
9.980066
9.755517
9.726461
10.315978
10.412880
13.948004
12.968900
6.100373
11.243184
16.354671
14.957573
12.097227
3.351611
10.369073
8.071637
8.531586
4.549501
11.191235
6.512842
8.499004
12.986964
10.954323
8.012966
8.148307
13.068171
5.729363
12.433373
7.538367
10.154655
12.660927
13.296139
9.613330
9.841741
9.300144
10.152141
6.331799
9.037562
8.651513
8.889386
6.133809
9.241486
3.991192
10.169922
5.774251
8.952480
15.025245
12.092079
13.164888
8.955034
10.207846
11.023267
8.075700
8.749005
14.069581
11.245818
9.432335
15.126819
10.966431
6.816795
7.164915
13.357340
6.901429
7.017733
8.551131
10.713475
12.171595
6.835595
10.488354
2.197306
8.554287
11.295124
10.392157
6.551470
12.444937
8.676993
11.554443
7.962652
9.346911
10.144786
14.576855
11.371723
13.034526
9.979572
12.731754
9.166548
11.599678
11.592721
8.744600
13.300770
12.118206
10.806519
9.036728
12.826016
10.712433
9.141454
7.917314
10.023046
11.058561
6.430007
5.435317
7.275300
12.098380
5.841008
10.308190
11.998337
11.639812
18.916337
9.756632
8.924043
10.794477
12.395683
11.260525
13.083778
11.994268
13.050441
10.762635
1.704060
12.095546
3.376240
10.404098
11.035860
4.606148
10.308341
7.813715
10.892118
7.326638
11.748846
12.258963
7.757319
9.921089
7.715535
9.091412
11.195208
11.835107
7.389852
8.587966
14.221179
13.375414
7.671646
5.917006
6.186030
9.790269
6.194773
13.910284
11.100901
11.505363
10.171858
6.694009
12.528159
6.475606
6.474494
4.526604
12.614408
3.768719
19.357539
8.708562
17.570765
7.710518
4.609553
9.352262
12.053683
10.053407
5.477234
10.375263
11.456822
12.728862
12.167758
16.676301
10.625404
11.582653
11.150389
8.650491
10.642278
15.372213
9.339255
13.932882
14.815011
6.482332
7.519855
10.287022
11.624521
10.872023
12.716143
7.930262
5.388513
5.782363
9.289695
8.125764
8.949919
11.166774
9.425549
7.106083
7.628035
8.858057
8.902727
3.917400
9.907417
11.202295
11.069525
13.160216
9.620025
10.641243
15.607507
10.783496
22.003511
10.441087
8.132302
12.048729
12.404825
15.172518
3.395279
7.935674
9.424491
10.485389
9.790032
14.316144
12.014941
9.327983
10.866924
8.141355
5.016041
7.418518
8.038981
8.199769
9.817940
9.958857
11.239300
6.317917
11.086493
6.084612
12.541273
10.254816
8.380558
4.784350
12.669364
11.435364
16.479118
11.342567
9.088315
9.213515
8.465338
11.419070
11.032192
4.212719
7.208514
9.416215
12.127331
12.353845
15.897772
7.831280
10.070524
11.068902
14.176351
9.914813
8.143393
11.717650
6.722627
10.944602
16.757755
5.981183
6.725973
10.133707
13.363423
8.319361
12.343986
7.627676
8.274755
8.002189
7.375755
12.738196
10.569019
12.953817
7.577688
13.925051
9.231019
13.555644
10.848788
12.951623
8.866312
8.996706
11.631632
5.115859
11.227830
6.300914
10.636858
8.628027
8.624428
10.966498
8.724048
10.792058
10.805718
12.130416
13.378591
15.707706
6.660237
11.582140
16.096593
6.402746
10.481127
14.346223
11.799681
12.578119
6.087789
9.390942
9.841546
4.001594
8.798413
10.370435
9.299006
6.755761
11.991484
