starting...
 -I- cant find thellier_gui_preferences file, using defualt default 
-I- Read magic file  3_0/McMurdo2.5/magic_measurements.txt
-I- Anisotropy data read  /Users/nebula/Python/PmagPy/3_0/McMurdo2.5/from rmag_anisotropy.txt
-I- Anisotropy data read  /Users/nebula/Python/PmagPy/3_0/McMurdo2.5/from rmag_anisotropy.txt
-W- WARNING: specimen mc121d1 in rmag_anisotropy.txt but not in magic_measurement.txt. Check it !
-W- WARNING: specimen mc121f2 in rmag_anisotropy.txt but not in magic_measurement.txt. Check it !
-W- WARNING: specimen mc121g1 in rmag_anisotropy.txt but not in magic_measurement.txt. Check it !
-W- WARNING: specimen mc121k1 in rmag_anisotropy.txt but not in magic_measurement.txt. Check it !
-W- WARNING: specimen mc121k2 in rmag_anisotropy.txt but not in magic_measurement.txt. Check it !
-W- WARNING: specimen mc142c1 in rmag_anisotropy.txt but not in magic_measurement.txt. Check it !
-W- WARNING: specimen mc142d1 in rmag_anisotropy.txt but not in magic_measurement.txt. Check it !
-W- WARNING: specimen mc142e2 in rmag_anisotropy.txt but not in magic_measurement.txt. Check it !
-W- WARNING: specimen mc142f2 in rmag_anisotropy.txt but not in magic_measurement.txt. Check it !
-W- WARNING: specimen mc142k2 in rmag_anisotropy.txt but not in magic_measurement.txt. Check it !
-W- WARNING: specimen mc144e1 in rmag_anisotropy.txt but not in magic_measurement.txt. Check it !
-W- WARNING: specimen mc144f1 in rmag_anisotropy.txt but not in magic_measurement.txt. Check it !
-W- WARNING: specimen mc144h1 in rmag_anisotropy.txt but not in magic_measurement.txt. Check it !
-W- WARNING: specimen mc15a in rmag_anisotropy.txt but not in magic_measurement.txt. Check it !
-W- WARNING: specimen mc15b in rmag_anisotropy.txt but not in magic_measurement.txt. Check it !
-W- WARNING: specimen mc15c in rmag_anisotropy.txt but not in magic_measurement.txt. Check it !
-W- WARNING: specimen mc15c2 in rmag_anisotropy.txt but not in magic_measurement.txt. Check it !
-W- WARNING: specimen mc15h in rmag_anisotropy.txt but not in magic_measurement.txt. Check it !
-W- WARNING: specimen mc217b1 in rmag_anisotropy.txt but not in magic_measurement.txt. Check it !
-W- WARNING: specimen mc121d1 in rmag_results.txt but not in magic_measurement.txt. Check it !
-W- WARNING: specimen mc121f2 in rmag_results.txt but not in magic_measurement.txt. Check it !
-W- WARNING: specimen mc121g1 in rmag_results.txt but not in magic_measurement.txt. Check it !
-W- WARNING: specimen mc121k1 in rmag_results.txt but not in magic_measurement.txt. Check it !
-W- WARNING: specimen mc121k2 in rmag_results.txt but not in magic_measurement.txt. Check it !
-W- WARNING: specimen mc142c1 in rmag_results.txt but not in magic_measurement.txt. Check it !
-W- WARNING: specimen mc142d1 in rmag_results.txt but not in magic_measurement.txt. Check it !
-W- WARNING: specimen mc142e2 in rmag_results.txt but not in magic_measurement.txt. Check it !
-W- WARNING: specimen mc142f2 in rmag_results.txt but not in magic_measurement.txt. Check it !
-W- WARNING: specimen mc142k2 in rmag_results.txt but not in magic_measurement.txt. Check it !
-W- WARNING: specimen mc144e1 in rmag_results.txt but not in magic_measurement.txt. Check it !
-W- WARNING: specimen mc144f1 in rmag_results.txt but not in magic_measurement.txt. Check it !
-W- WARNING: specimen mc144h1 in rmag_results.txt but not in magic_measurement.txt. Check it !
-W- WARNING: specimen mc15a in rmag_results.txt but not in magic_measurement.txt. Check it !
-W- WARNING: specimen mc15b in rmag_results.txt but not in magic_measurement.txt. Check it !
-W- WARNING: specimen mc15c in rmag_results.txt but not in magic_measurement.txt. Check it !
-W- WARNING: specimen mc15c2 in rmag_results.txt but not in magic_measurement.txt. Check it !
-W- WARNING: specimen mc15h in rmag_results.txt but not in magic_measurement.txt. Check it !
-W- WARNING: specimen mc217b1 in rmag_results.txt but not in magic_measurement.txt. Check it !
-I- Done calculating non linear TRM parameters for all specimens
-I- number of specimens in this project directory: 0
-I- number of samples in this project directory: 0
-I- Read pmag_specimens.txt for previous interpretation-W- WARNING: Cant find specimen mc40e from redo file in measurement file!
-W- WARNING: Cant find specimen mc43f from redo file in measurement file!
-W- WARNING: Cant find specimen mc44a from redo file in measurement file!
-W- WARNING: Cant find specimen mc44b from redo file in measurement file!
-W- WARNING: Cant find specimen mc44g from redo file in measurement file!
-W- WARNING: Cant find specimen mc44h from redo file in measurement file!
-W- WARNING: Cant find specimen mc48f from redo file in measurement file!
-W- WARNING: Cant find specimen mc48g from redo file in measurement file!
-W- WARNING: Cant find specimen mc50a from redo file in measurement file!
-W- WARNING: Cant find specimen mc50b from redo file in measurement file!
-W- WARNING: Cant find specimen mc50e from redo file in measurement file!
-W- WARNING: Cant find specimen mc50f from redo file in measurement file!
-W- WARNING: Cant find specimen mc01b from redo file in measurement file!
-W- WARNING: Cant find specimen mc01d from redo file in measurement file!
-W- WARNING: Cant find specimen mc01g from redo file in measurement file!
-W- WARNING: Cant find specimen mc02f from redo file in measurement file!
-W- WARNING: Cant find specimen mc06h from redo file in measurement file!
-W- WARNING: Cant find specimen mc08a from redo file in measurement file!
-W- WARNING: Cant find specimen mc08b from redo file in measurement file!
-W- WARNING: Cant find specimen mc08g from redo file in measurement file!
-W- WARNING: Cant find specimen mc08h from redo file in measurement file!
-W- WARNING: Cant find specimen mc09a from redo file in measurement file!
-W- WARNING: Cant find specimen mc09b from redo file in measurement file!
-W- WARNING: Cant find specimen mc09d from redo file in measurement file!
-W- WARNING: Cant find specimen mc103e1 from redo file in measurement file!
-W- WARNING: Cant find specimen mc105a2 from redo file in measurement file!
-W- WARNING: Cant find specimen mc105c1 from redo file in measurement file!
-W- WARNING: Cant find specimen mc105d1 from redo file in measurement file!
-W- WARNING: Cant find specimen mc105j1 from redo file in measurement file!
-W- WARNING: Cant find specimen mc107e2 from redo file in measurement file!
-W- WARNING: Cant find specimen mc109a1 from redo file in measurement file!
-W- WARNING: Cant find specimen mc109c1 from redo file in measurement file!
-W- WARNING: Cant find specimen mc109d1 from redo file in measurement file!
-W- WARNING: Cant find specimen mc109e1 from redo file in measurement file!
-W- WARNING: Cant find specimen mc10a from redo file in measurement file!
-W- WARNING: Cant find specimen mc10b from redo file in measurement file!
-W- WARNING: Cant find specimen mc10d from redo file in measurement file!
-W- WARNING: Cant find specimen mc111d2 from redo file in measurement file!
-W- WARNING: Cant find specimen mc111e2 from redo file in measurement file!
-W- WARNING: Cant find specimen mc113a2 from redo file in measurement file!
-W- WARNING: Cant find specimen mc113j1 from redo file in measurement file!
-W- WARNING: Cant find specimen mc113m1 from redo file in measurement file!
-W- WARNING: Cant find specimen mc115a2 from redo file in measurement file!
-W- WARNING: Cant find specimen mc115b1 from redo file in measurement file!
-W- WARNING: Cant find specimen mc115e1 from redo file in measurement file!
-W- WARNING: Cant find specimen mc116b1 from redo file in measurement file!
-W- WARNING: Cant find specimen mc116j2 from redo file in measurement file!
-W- WARNING: Cant find specimen mc117a1 from redo file in measurement file!
-W- WARNING: Cant find specimen mc117b1 from redo file in measurement file!
-W- WARNING: Cant find specimen mc117d2 from redo file in measurement file!
-W- WARNING: Cant find specimen mc117e2 from redo file in measurement file!
-W- WARNING: Cant find specimen mc119a1 from redo file in measurement file!
-W- WARNING: Cant find specimen mc119b1 from redo file in measurement file!
-W- WARNING: Cant find specimen mc119d2 from redo file in measurement file!
-W- WARNING: Cant find specimen mc119e2 from redo file in measurement file!
-W- WARNING: Cant find specimen mc119f2 from redo file in measurement file!
-W- WARNING: Cant find specimen mc11b from redo file in measurement file!
-W- WARNING: Cant find specimen mc11c from redo file in measurement file!
-W- WARNING: Cant find specimen mc11e from redo file in measurement file!
-W- WARNING: Cant find specimen mc11h from redo file in measurement file!
-W- WARNING: Cant find specimen mc120a1 from redo file in measurement file!
-W- WARNING: Cant find specimen mc120b1 from redo file in measurement file!
-W- WARNING: Cant find specimen mc120b2 from redo file in measurement file!
-W- WARNING: Cant find specimen mc120c1 from redo file in measurement file!
-W- WARNING: Cant find specimen mc120f1 from redo file in measurement file!
-W- WARNING: Cant find specimen mc121c1 from redo file in measurement file!
-W- WARNING: Cant find specimen mc121d1 from redo file in measurement file!
-W- WARNING: Cant find specimen mc121e1 from redo file in measurement file!
-W- WARNING: Cant find specimen mc121f2 from redo file in measurement file!
-W- WARNING: Cant find specimen mc121g1 from redo file in measurement file!
-W- WARNING: Cant find specimen mc121k1 from redo file in measurement file!
-W- WARNING: Cant find specimen mc121k2 from redo file in measurement file!
-W- WARNING: Cant find specimen mc123a2 from redo file in measurement file!
-W- WARNING: Cant find specimen mc123b1 from redo file in measurement file!
-W- WARNING: Cant find specimen mc123b2 from redo file in measurement file!
-W- WARNING: Cant find specimen mc123c3 from redo file in measurement file!
-W- WARNING: Cant find specimen mc124a1 from redo file in measurement file!
-W- WARNING: Cant find specimen mc124d2 from redo file in measurement file!
-W- WARNING: Cant find specimen mc125d1 from redo file in measurement file!
-W- WARNING: Cant find specimen mc125e1 from redo file in measurement file!
-W- WARNING: Cant find specimen mc125i1 from redo file in measurement file!
-W- WARNING: Cant find specimen mc127a2 from redo file in measurement file!
-W- WARNING: Cant find specimen mc127c1 from redo file in measurement file!
-W- WARNING: Cant find specimen mc127d1 from redo file in measurement file!
-W- WARNING: Cant find specimen mc128b2 from redo file in measurement file!
-W- WARNING: Cant find specimen mc128c2 from redo file in measurement file!
-W- WARNING: Cant find specimen mc128j1 from redo file in measurement file!
-W- WARNING: Cant find specimen mc129b1 from redo file in measurement file!
-W- WARNING: Cant find specimen mc129c1 from redo file in measurement file!
-W- WARNING: Cant find specimen mc129l1 from redo file in measurement file!
-W- WARNING: Cant find specimen mc130a1 from redo file in measurement file!
-W- WARNING: Cant find specimen mc130d1 from redo file in measurement file!
-W- WARNING: Cant find specimen mc130h1 from redo file in measurement file!
-W- WARNING: Cant find specimen mc131b1 from redo file in measurement file!
-W- WARNING: Cant find specimen mc131c2 from redo file in measurement file!
-W- WARNING: Cant find specimen mc131d2 from redo file in measurement file!
-W- WARNING: Cant find specimen mc131e1 from redo file in measurement file!
-W- WARNING: Cant find specimen mc131g1 from redo file in measurement file!
-W- WARNING: Cant find specimen mc132e2 from redo file in measurement file!
-W- WARNING: Cant find specimen mc132f2 from redo file in measurement file!
-W- WARNING: Cant find specimen mc132g2 from redo file in measurement file!
-W- WARNING: Cant find specimen mc132h2 from redo file in measurement file!
-W- WARNING: Cant find specimen mc132i2 from redo file in measurement file!
-W- WARNING: Cant find specimen mc132j1 from redo file in measurement file!
-W- WARNING: Cant find specimen mc132k1 from redo file in measurement file!
-W- WARNING: Cant find specimen mc133f1 from redo file in measurement file!
-W- WARNING: Cant find specimen mc133g1 from redo file in measurement file!
-W- WARNING: Cant find specimen mc133l1 from redo file in measurement file!
-W- WARNING: Cant find specimen mc134c2 from redo file in measurement file!
-W- WARNING: Cant find specimen mc134f1 from redo file in measurement file!
-W- WARNING: Cant find specimen mc135a1 from redo file in measurement file!
-W- WARNING: Cant find specimen mc135c2 from redo file in measurement file!
-W- WARNING: Cant find specimen mc135e1 from redo file in measurement file!
-W- WARNING: Cant find specimen mc136a2 from redo file in measurement file!
-W- WARNING: Cant find specimen mc139a1 from redo file in measurement file!
-W- WARNING: Cant find specimen mc139c1 from redo file in measurement file!
-W- WARNING: Cant find specimen mc13a from redo file in measurement file!
-W- WARNING: Cant find specimen mc13b from redo file in measurement file!
-W- WARNING: Cant find specimen mc13c from redo file in measurement file!
-W- WARNING: Cant find specimen mc13d from redo file in measurement file!
-W- WARNING: Cant find specimen mc140a1 from redo file in measurement file!
-W- WARNING: Cant find specimen mc140b1 from redo file in measurement file!
-W- WARNING: Cant find specimen mc140c1 from redo file in measurement file!
-W- WARNING: Cant find specimen mc140d1 from redo file in measurement file!
-W- WARNING: Cant find specimen mc142c1 from redo file in measurement file!
-W- WARNING: Cant find specimen mc142d1 from redo file in measurement file!
-W- WARNING: Cant find specimen mc142e2 from redo file in measurement file!
-W- WARNING: Cant find specimen mc142f2 from redo file in measurement file!
-W- WARNING: Cant find specimen mc142k2 from redo file in measurement file!
-W- WARNING: Cant find specimen mc144e1 from redo file in measurement file!
-W- WARNING: Cant find specimen mc144f1 from redo file in measurement file!
-W- WARNING: Cant find specimen mc144h1 from redo file in measurement file!
-W- WARNING: Cant find specimen mc144j2 from redo file in measurement file!
-W- WARNING: Cant find specimen mc144k1 from redo file in measurement file!
-W- WARNING: Cant find specimen mc145c2 from redo file in measurement file!
-W- WARNING: Cant find specimen mc145f1 from redo file in measurement file!
-W- WARNING: Cant find specimen mc145k2 from redo file in measurement file!
-W- WARNING: Cant find specimen mc145l1 from redo file in measurement file!
-W- WARNING: Cant find specimen mc146e1 from redo file in measurement file!
-W- WARNING: Cant find specimen mc146f1 from redo file in measurement file!
-W- WARNING: Cant find specimen mc146j2 from redo file in measurement file!
-W- WARNING: Cant find specimen mc147a1 from redo file in measurement file!
-W- WARNING: Cant find specimen mc147i1 from redo file in measurement file!
-W- WARNING: Cant find specimen mc147j2 from redo file in measurement file!
-W- WARNING: Cant find specimen mc147k2 from redo file in measurement file!
-W- WARNING: Cant find specimen mc148d1 from redo file in measurement file!
-W- WARNING: Cant find specimen mc148i1 from redo file in measurement file!
-W- WARNING: Cant find specimen mc148j1 from redo file in measurement file!
-W- WARNING: Cant find specimen mc14b from redo file in measurement file!
-W- WARNING: Cant find specimen mc14c from redo file in measurement file!
-W- WARNING: Cant find specimen mc14d from redo file in measurement file!
-W- WARNING: Cant find specimen mc14h from redo file in measurement file!
-W- WARNING: Cant find specimen mc153a1 from redo file in measurement file!
-W- WARNING: Cant find specimen mc153c1 from redo file in measurement file!
-W- WARNING: Cant find specimen mc154a2 from redo file in measurement file!
-W- WARNING: Cant find specimen mc154j2 from redo file in measurement file!
-W- WARNING: Cant find specimen mc155c1 from redo file in measurement file!
-W- WARNING: Cant find specimen mc155h1 from redo file in measurement file!
-W- WARNING: Cant find specimen mc155m1 from redo file in measurement file!
-W- WARNING: Cant find specimen mc157c2 from redo file in measurement file!
-W- WARNING: Cant find specimen mc158a1 from redo file in measurement file!
-W- WARNING: Cant find specimen mc158b1 from redo file in measurement file!
-W- WARNING: Cant find specimen mc15a from redo file in measurement file!
-W- WARNING: Cant find specimen mc15b from redo file in measurement file!
-W- WARNING: Cant find specimen mc15c from redo file in measurement file!
-W- WARNING: Cant find specimen mc15c2 from redo file in measurement file!
-W- WARNING: Cant find specimen mc15h from redo file in measurement file!
-W- WARNING: Cant find specimen mc160a1 from redo file in measurement file!
-W- WARNING: Cant find specimen mc160e1 from redo file in measurement file!
-W- WARNING: Cant find specimen mc160f2 from redo file in measurement file!
-W- WARNING: Cant find specimen mc161b1 from redo file in measurement file!
-W- WARNING: Cant find specimen mc161g1 from redo file in measurement file!
-W- WARNING: Cant find specimen mc162b1 from redo file in measurement file!
-W- WARNING: Cant find specimen mc162c1 from redo file in measurement file!
-W- WARNING: Cant find specimen mc164c1 from redo file in measurement file!
-W- WARNING: Cant find specimen mc164f1 from redo file in measurement file!
-W- WARNING: Cant find specimen mc164j1 from redo file in measurement file!
-W- WARNING: Cant find specimen mc165b1 from redo file in measurement file!
-W- WARNING: Cant find specimen mc165c1 from redo file in measurement file!
-W- WARNING: Cant find specimen mc165h2 from redo file in measurement file!
-W- WARNING: Cant find specimen mc165i2 from redo file in measurement file!
-W- WARNING: Cant find specimen mc166b1 from redo file in measurement file!
-W- WARNING: Cant find specimen mc166c1 from redo file in measurement file!
-W- WARNING: Cant find specimen mc166h2 from redo file in measurement file!
-W- WARNING: Cant find specimen mc166i2 from redo file in measurement file!
-W- WARNING: Cant find specimen mc167b1 from redo file in measurement file!
-W- WARNING: Cant find specimen mc167d2 from redo file in measurement file!
-W- WARNING: Cant find specimen mc167e2 from redo file in measurement file!
-W- WARNING: Cant find specimen mc167k1 from redo file in measurement file!
-W- WARNING: Cant find specimen mc168a1 from redo file in measurement file!
-W- WARNING: Cant find specimen mc168c2 from redo file in measurement file!
-W- WARNING: Cant find specimen mc01a from redo file in measurement file!
-W- WARNING: Cant find specimen mc168d1 from redo file in measurement file!
-W- WARNING: Cant find specimen mc168f1 from redo file in measurement file!
-W- WARNING: Cant find specimen mc168h2 from redo file in measurement file!
-W- WARNING: Cant find specimen mc19b from redo file in measurement file!
-W- WARNING: Cant find specimen mc200b1 from redo file in measurement file!
-W- WARNING: Cant find specimen mc200c1 from redo file in measurement file!
-W- WARNING: Cant find specimen mc200d1 from redo file in measurement file!
-W- WARNING: Cant find specimen mc200h1 from redo file in measurement file!
-W- WARNING: Cant find specimen mc200i1 from redo file in measurement file!
-W- WARNING: Cant find specimen mc201b1 from redo file in measurement file!
-W- WARNING: Cant find specimen mc202b1 from redo file in measurement file!
-W- WARNING: Cant find specimen mc204b1 from redo file in measurement file!
-W- WARNING: Cant find specimen mc205a2 from redo file in measurement file!
-W- WARNING: Cant find specimen mc205b1 from redo file in measurement file!
-W- WARNING: Cant find specimen mc205h1 from redo file in measurement file!
-W- WARNING: Cant find specimen mc205i2 from redo file in measurement file!
-W- WARNING: Cant find specimen mc205k1 from redo file in measurement file!
-W- WARNING: Cant find specimen mc206b1 from redo file in measurement file!
-W- WARNING: Cant find specimen mc206c1 from redo file in measurement file!
-W- WARNING: Cant find specimen mc206d1 from redo file in measurement file!
-W- WARNING: Cant find specimen mc206e1 from redo file in measurement file!
-W- WARNING: Cant find specimen mc206f1 from redo file in measurement file!
-W- WARNING: Cant find specimen mc208b1 from redo file in measurement file!
-W- WARNING: Cant find specimen mc20d from redo file in measurement file!
-W- WARNING: Cant find specimen mc20h from redo file in measurement file!
-W- WARNING: Cant find specimen mc211b1 from redo file in measurement file!
-W- WARNING: Cant find specimen mc211e1 from redo file in measurement file!
-W- WARNING: Cant find specimen mc211g1 from redo file in measurement file!
-W- WARNING: Cant find specimen mc211h1 from redo file in measurement file!
-W- WARNING: Cant find specimen mc211i1 from redo file in measurement file!
-W- WARNING: Cant find specimen mc214b1 from redo file in measurement file!
-W- WARNING: Cant find specimen mc214d1 from redo file in measurement file!
-W- WARNING: Cant find specimen mc214g1 from redo file in measurement file!
-W- WARNING: Cant find specimen mc214h1 from redo file in measurement file!
-W- WARNING: Cant find specimen mc214j1 from redo file in measurement file!
-W- WARNING: Cant find specimen mc215a1 from redo file in measurement file!
-W- WARNING: Cant find specimen mc215b1 from redo file in measurement file!
-W- WARNING: Cant find specimen mc215c1 from redo file in measurement file!
-W- WARNING: Cant find specimen mc215d1 from redo file in measurement file!
-W- WARNING: Cant find specimen mc215h1 from redo file in measurement file!
-W- WARNING: Cant find specimen mc216a1 from redo file in measurement file!
-W- WARNING: Cant find specimen mc216b1 from redo file in measurement file!
-W- WARNING: Cant find specimen mc216c1 from redo file in measurement file!
-W- WARNING: Cant find specimen mc217a1 from redo file in measurement file!
-W- WARNING: Cant find specimen mc217b1 from redo file in measurement file!
-W- WARNING: Cant find specimen mc217c1 from redo file in measurement file!
-W- WARNING: Cant find specimen mc217d1 from redo file in measurement file!
-W- WARNING: Cant find specimen mc217e1 from redo file in measurement file!
-W- WARNING: Cant find specimen mc218a1 from redo file in measurement file!
-W- WARNING: Cant find specimen mc218b1 from redo file in measurement file!
-W- WARNING: Cant find specimen mc218d1 from redo file in measurement file!
-W- WARNING: Cant find specimen mc218i1 from redo file in measurement file!
-W- WARNING: Cant find specimen mc218j1 from redo file in measurement file!
-W- WARNING: Cant find specimen mc219a1 from redo file in measurement file!
-W- WARNING: Cant find specimen mc219b1 from redo file in measurement file!
-W- WARNING: Cant find specimen mc219c1 from redo file in measurement file!
-W- WARNING: Cant find specimen mc219d1 from redo file in measurement file!
-W- WARNING: Cant find specimen mc219e1 from redo file in measurement file!
-W- WARNING: Cant find specimen mc21a from redo file in measurement file!
-W- WARNING: Cant find specimen mc21b from redo file in measurement file!
-W- WARNING: Cant find specimen mc21c from redo file in measurement file!
-W- WARNING: Cant find specimen mc21e from redo file in measurement file!
-W- WARNING: Cant find specimen mc220a1 from redo file in measurement file!
-W- WARNING: Cant find specimen mc220b1 from redo file in measurement file!
-W- WARNING: Cant find specimen mc220c1 from redo file in measurement file!
-W- WARNING: Cant find specimen mc220d1 from redo file in measurement file!
-W- WARNING: Cant find specimen mc220e1 from redo file in measurement file!
-W- WARNING: Cant find specimen mc222b1 from redo file in measurement file!
-W- WARNING: Cant find specimen mc223a1 from redo file in measurement file!
-W- WARNING: Cant find specimen mc223b1 from redo file in measurement file!
-W- WARNING: Cant find specimen mc223c2 from redo file in measurement file!
-W- WARNING: Cant find specimen mc223g1 from redo file in measurement file!
-W- WARNING: Cant find specimen mc223l1 from redo file in measurement file!
-W- WARNING: Cant find specimen mc225a1 from redo file in measurement file!
-W- WARNING: Cant find specimen mc225b1 from redo file in measurement file!
-W- WARNING: Cant find specimen mc225c1 from redo file in measurement file!
-W- WARNING: Cant find specimen mc225d1 from redo file in measurement file!
-W- WARNING: Cant find specimen mc225i1 from r