   33.5    74.1
  212.7    84.2
   84.0    81.3
  183.9    68.3
  258.3    77.0
   17.6    78.9
  328.8    78.6
   33.6    61.8
  287.6    63.9
  130.0    81.8
   26.1    78.7
  176.1    79.4
    8.0    85.4
  316.7    89.5
  257.3    66.7
  230.0    67.5
   47.7    80.6
  358.3    72.2
   71.6    65.3
    5.6    75.4
  187.5    81.8
  235.8    55.9
  284.2    74.7
  110.2    79.0
  150.9    71.1
  325.7    82.7
  301.1    80.1
  173.0    85.7
  312.0    55.1
   94.7    67.2
  295.2    66.3
  315.9    81.0
  337.0    73.0
  267.7    58.7
  251.1    83.8
  256.7    84.6
   54.2    66.0
  265.5    80.2
   97.1    56.1
  329.8    69.9
  346.4    78.9
   40.5    67.3
   41.7    79.5
  293.5    72.2
  342.0    67.2
   39.7    84.7
  120.4    80.5
  219.0    83.9
   66.0    64.1
   15.5    75.9
  156.6    75.3
   97.0    74.0
  147.3    81.4
   94.0    69.9
   16.8    73.2
    6.9    69.1
  321.1    73.4
   72.1    61.9
   28.2    75.8
  345.5    87.3
   25.0    68.0
  295.1    84.7
   14.7    75.2
  135.2    72.3
    5.4    81.0
   65.5    88.5
  108.2    78.0
  210.0    71.2
  294.4    69.3
  241.5    80.6
  153.6    78.1
  111.4    58.1
   24.9    71.2
   30.2    67.6
   32.4    83.7
  203.8    85.6
   55.9    64.8
  178.1    77.9
  134.1    64.9
  202.9    74.6
  188.7    69.1
  240.9    87.2
  144.9    67.2
  264.6    58.7
  301.8    75.8
  334.4    69.2
  159.5    78.0
   31.1    68.3
  299.7    78.0
   84.8    63.4
  343.4    77.2
  215.9    87.2
  165.4    73.3
  330.6    63.8
   85.7    79.6
  165.8    59.9
  331.0    72.1
  256.1    76.6
  181.7    79.9
  134.0    86.0
