13.676816
6.439596
16.742498
11.028298
10.116174
15.308571
4.512752
9.319387
8.303258
8.161900
12.559780
5.319177
11.154330
13.819859
12.707262
4.697629
14.274707
11.995934
12.623337
8.014107
11.567261
8.306818
9.553986
10.587669
13.718185
7.331916
6.007059
13.719160
9.346886
8.501727
6.055799
10.574309
9.061721
13.807404
12.589094
7.271143
7.713668
13.329660
8.661462
8.423930
9.523893
9.741481
14.838878
7.813818
6.773623
10.355080
11.820006
12.873994
3.005344
7.859760
18.677139
11.056858
10.538702
10.876949
5.632253
12.765404
13.229052
9.817298
10.126808
8.832565
16.256353
9.880606
15.719844
9.160542
12.719490
9.712885
6.756314
8.631950
12.729326
9.991750
10.356555
10.456647
8.314048
14.021004
12.275547
15.668883
7.979794
12.296144
8.808665
12.221072
14.344817
9.280958
5.868024
11.605977
6.196342
6.610456
12.299963
14.238089
14.104286
10.343128
11.798456
10.350243
10.502409
9.085479
7.289131
6.635113
9.914429
9.213064
9.974586
7.163754
11.432574
7.470651
6.297749
11.497227
7.689619
7.882778
6.759964
12.128993
7.884273
12.798655
6.531563
5.745572
14.782715
6.814058
7.974194
8.542620
11.402917
8.268781
14.346884
12.646040
13.014668
7.985511
5.185760
9.444068
14.160087
3.247337
4.370071
8.921941
10.485092
10.268922
8.330070
13.087886
12.660359
12.119861
4.408542
11.994529
10.625454
6.809979
15.128975
10.849045
6.860778
5.176421
13.925286
12.582036
5.925628
10.566161
12.118604
7.102302
11.577100
7.173445
8.883353
6.484933
8.859055
8.852165
6.152292
6.075228
8.847145
12.161641
9.152136
9.958910
7.723966
9.615827
11.317779
10.018061
12.692391
9.616905
12.243424
8.544084
5.450066
9.492435
11.283662
9.367143
9.457568
6.346662
13.818375
8.510105
7.936540
16.290172
6.693506
7.848815
8.608142
13.077457
7.662738
10.289938
7.623203
13.437295
9.855061
10.647723
10.732315
6.988568
10.074573
13.396452
8.958759
7.048131
11.802151
5.693368
8.785538
10.591937
15.642876
7.079305
9.683553
11.908807
13.293843
12.960080
7.158690
17.088090
13.173775
15.261010
11.561005
8.094192
6.774478
9.137950
4.424271
10.742543
13.678676
9.401393
12.375794
6.957268
9.198529
11.061305
14.342693
7.961002
11.979058
8.681869
13.048640
9.733385
3.871040
12.740714
6.658466
10.657685
12.529719
7.618527
13.430807
12.093576
9.413046
9.027506
14.119265
10.732070
8.608405
3.041276
14.243183
17.086400
10.206192
10.436785
7.386939
10.272513
5.669533
15.609215
8.716020
9.642016
12.099394
10.738079
10.159515
8.919269
10.573998
2.022438
13.127773
7.921256
9.741758
15.254572
2.734154
12.811013
5.623338
15.840578
9.044964
11.601945
13.772747
3.813224
15.555740
9.518526
10.416688
9.082202
11.177019
6.845355
9.401396
10.132634
10.629841
12.928128
16.664786
8.945810
6.422976
7.517093
9.295185
9.693522
5.245464
10.767582
8.245237
11.000110
9.423788
8.495401
11.321262
8.927359
9.891658
9.594850
9.113036
7.614544
12.011722
5.996828
4.327572
6.795246
15.768780
8.831956
9.862815
5.996236
14.031749
11.603956
9.167833
8.765004
9.449840
10.884122
11.529229
13.137756
9.283503
10.232032
12.220088
9.029284
12.077253
9.751222
10.473455
15.652041
10.465444
8.122075
5.870905
6.476986
13.012893
4.795801
11.464687
10.885364
11.155186
9.640457
10.066306
11.881661
11.093482
11.112464
11.969618
8.816698
6.398255
15.849979
13.566703
7.747018
8.686591
9.632147
11.081760
7.803353
13.310565
5.122088
10.455324
12.737191
14.043555
9.073156
16.414420
10.582480
10.333126
13.823559
8.945409
9.268866
4.319520
14.207864
8.063623
9.408101
2.872708
8.187283
7.679633
9.120187
10.251755
7.890984
7.861122
11.285108
7.944298
11.446616
7.659071
11.563533
10.913349
14.220413
10.972193
6.583376
16.053331
8.093551
7.921737
10.745987
4.182684
5.369987
11.658379
11.687442
7.734911
10.200111
11.183846
8.113383
11.270909
4.619667
9.135199
5.467709
7.079826
14.132556
15.231107
14.828869
11.147653
8.529881
12.008606
15.581668
9.537408
11.816124
10.134866
7.687793
6.861357
11.463999
11.944252
10.050372
8.666918
9.030462
5.898808
8.263229
6.581306
13.425147
13.917286
9.510714
11.961080
9.190167
13.638161
13.259548
9.776898
10.506987
8.579118
7.868285
12.565560
7.858424
15.278285
11.170892
13.430591
12.281666
13.665135
14.726337
12.798956
12.443035
12.483172
10.202553
9.920110
12.382246
6.921656
6.233673
11.147013
9.146328
9.587934
9.544144
3.211056
4.941009
4.649793
12.409971
10.668916
9.398487
7.164755
8.779851
12.872128
11.238818
8.042606
12.328574
7.245447
11.143657
6.776723
9.528179
11.417653
12.480296
8.604438
11.050915
10.740067
9.553315
10.277749
10.719462
8.522886
12.950027
13.715092
12.669911
8.429422
12.308054
9.475762
6.901626
6.283579
9.558872
6.291279
10.578588
9.159735
12.938491
6.180453
12.411217
6.694846
13.794574
9.884293
10.238909
9.687013
12.794452
8.881206
6.735677
14.523955
9.351160
6.282707
4.858943
8.282340
10.230540
6.104192
12.269737
2.740085
16.431724
12.217004
14.988014
12.051500
13.782189
9.381678
7.348007
9.277007
7.639880
11.178448
9.068267
9.550108
7.733043
10.226358
14.780012
10.238307
9.935122
14.553936
9.352463
12.232331
7.594962
8.678683
8.502566
7.421681
10.281509
11.333888
10.068055
11.672619
13.967058
1.575253
11.046048
13.737208
11.076995
16.103260
11.656836
10.176279
12.459978
4.358289
11.467023
9.818664
6.881238
9.447179
9.275087
12.694582
13.183602
7.278547
3.473864
10.807471
13.748532
9.957688
7.366117
11.586745
13.753505
15.097948
10.912648
12.259183
4.179647
17.454858
4.463877
6.833609
7.214895
6.494328
9.205608
7.309784
14.040169
14.916043
12.630878
8.988088
11.944055
6.848843
13.614121
8.301168
5.077819
9.685001
13.803018
12.008600
7.115248
13.436001
13.331162
8.046657
15.023106
14.870703
3.870271
11.026553
17.236220
6.291000
10.254905
10.096442
7.940578
12.075681
9.004397
12.103892
5.253670
10.857363
6.383027
14.987808
11.059253
8.808219
10.723887
11.609545
4.568187
2.548116
7.472730
8.048363
11.003889
14.510983
9.478976
11.020010
6.095200
10.894738
5.833142
9.414092
9.014347
8.901150
9.669417
11.209586
10.866363
10.191670
8.296682
13.282544
8.027072
5.101930
9.761628
6.536689
10.139285
9.819953
15.285571
13.854322
10.493011
6.078472
10.897077
6.667587
12.709252
14.119357
8.346761
13.026245
6.209136
11.379585
12.031059
3.363067
14.134920
7.367205
9.294639
11.166507
12.151959
12.855996
6.023104
13.548002
11.438216
6.116894
10.593045
8.876394
7.569074
9.335030
5.398773
13.699723
6.311475
3.550088
10.333864
15.806929
10.756705
13.115025
3.010051
17.321285
8.898398
13.084782
13.588581
15.965455
6.002020
7.653988
6.476422
8.870253
8.107312
10.405769
10.248379
10.763782
9.868797
8.431627
10.381603
6.210201
13.591214
12.932666
8.089954
11.985936
13.020717
9.727380
5.573723
3.918687
9.080306
7.656642
11.920710
4.688268
6.298617
9.238484
14.378849
8.476607
10.058468
8.373455
8.642492
4.014519
15.960525
5.974057
9.584712
7.082269
5.926948
11.708345
8.387772
9.422069
11.255971
6.790898
9.239596
9.878735
7.740423
11.985382
8.764466
8.059847
7.186016
10.216331
10.314584
7.833937
10.479453
5.905638
12.781214
10.653011
7.918130
16.384137
9.475040
12.020230
10.629837
7.464180
10.548177
10.121089
6.434693
6.931216
9.904839
10.789260
11.863928
9.899145
10.297702
14.732585
12.248223
7.608713
11.003830
7.161822
13.540946
9.218633
14.145852
12.722501
11.593544
14.413516
12.537565
12.919301
8.874769
10.329925
6.798495
12.300161
7.765548
8.173672
10.790300
8.168189
8.798663
8.316897
6.461592
15.600383
6.973248
15.255437
7.495387
9.575161
12.577235
9.902618
7.978435
8.167632
7.658034
12.225801
10.151500
11.456129
8.366595
9.793065
17.219274
12.671015
11.511168
7.180847
8.777560
15.308710
12.155274
8.708681
6.167122
8.747339
8.124180
10.845788
15.414424
12.984886
5.240262
9.118164
13.573301
3.305543
13.618699
8.845836
3.683764
9.440927
10.174998
7.594260
7.198828
16.438069
10.330288
8.097946
12.577789
11.030796
10.817655
15.075347
7.427544
9.471011
4.752853
12.043565
7.584750
13.528791
12.939654
6.457685
9.353824
4.282681
10.711392
10.436912
7.806245
9.359303
11.482768
10.631181
12.917571
12.126234
8.490781
4.939537
12.159815
11.855783
17.589256
8.960135
10.772755
4.920538
8.554307
12.352523
11.174534
17.129109
9.303411
10.028309
11.910308
9.775934
12.511748
13.816579
3.783948
5.763989
7.284352
6.189842
13.368973
12.299462
7.292274
11.474504
14.166322
6.554394
14.339556
10.813908
13.360834
13.346708
6.862153
13.009873
10.240991
11.499930
7.751708
8.989627
12.572220
5.799401
6.098753
12.403047
12.989024
14.575564
11.500266
7.688758
7.243070
9.333621
10.901160
7.715659
9.035783
12.009167
4.666696
12.120606
12.524745
14.136455
15.025054
8.436785
4.953894
12.697158
8.815822
9.438425
9.409126
9.047629
6.822603
3.937678
9.272303
4.956473
12.924143
10.820256
14.416579
12.141390
14.907016
9.895317
7.236542
8.929181
12.131608
10.243653
10.449557
5.702441
11.847548
10.891288
10.538479
15.796154
5.216133
11.687231
9.803181
7.653966
4.464720
4.623070
8.126446
12.678966
6.454837
15.868224
8.437299
9.157505
13.500841
11.386796
9.316260
6.601411
7.381265
10.342621
-0.000105
11.294767
7.062726
9.347826
6.404959
13.612108
1.694876
8.280572
7.214358
13.327577
10.331486
14.442938
9.966343
12.816435
7.925517
10.417321
14.506685
9.320606
11.424266
10.468792
7.971603
10.650702
6.461978
7.427612
9.592182
13.998071
17.156573
8.357604
10.020048
12.453372
13.735527
15.277682
3.905655
12.612648
9.804549
11.201051
8.776196
9.703019
8.556087
13.141464
10.113465
11.762241
8.389292
5.237422
13.052631
9.642342
8.581076
13.156062
4.011622
10.003005
7.891167
8.194481
4.524500
13.448530
14.194325
14.322417
14.621618
12.742270
10.113594
10.103133
7.555071
7.734813
12.382336
11.678534
8.172373
5.041639
12.059590
5.559523
4.984421
