  223.8    73.2
  352.9    66.7
  350.2    76.9
  283.5    68.9
  351.2    82.6
  254.3    71.5
  253.7    68.5
  266.0    64.9
  240.7    79.4
   30.8    73.7
  333.0    65.5
  341.2    77.0
   98.2    81.0
  290.4    78.2
  152.3    77.7
   45.6    78.5
  307.5    74.8
  116.9    76.7
   45.3    85.9
  253.1    79.0
  100.0    71.0
   54.5    65.4
   92.7    73.3
  358.8    77.7
   85.3    65.6
  213.0    82.2
  145.9    75.7
  292.0    75.5
   34.9    72.0
  149.1    71.0
    8.3    86.9
  178.3    61.8
   33.6    70.0
  254.0    72.9
   93.6    56.9
  351.7    62.1
  142.5    86.9
   85.8    73.6
  186.8    59.1
  306.9    71.3
  132.7    64.4
  210.5    64.4
  242.4    82.4
  350.7    78.4
  349.9    55.0
  226.7    79.1
  325.5    79.8
   83.3    81.2
  238.8    74.6
  151.9    76.5
  251.8    72.5
   54.5    82.4
    0.6    75.1
  217.1    78.3
   85.3    58.8
   25.1    83.2
   90.3    64.2
  274.1    80.7
  198.7    74.0
   96.7    62.5
  111.3    63.9
  228.3    67.0
   86.7    67.7
   82.8    71.1
   46.2    76.1
  213.6    77.2
  305.1    55.8
   91.8    69.0
  283.1    75.9
  268.6    66.0
  314.3    69.2
  195.8    75.6
   64.6    74.4
  311.9    66.2
  116.7    50.9
   14.5    74.6
  186.1    72.8
  315.4    77.0
  117.6    72.1
   74.5    83.8
  317.4    85.9
  168.4    72.4
   77.0    74.8
  121.4    62.0
  119.2    60.7
  256.2    75.3
  355.3    73.3
  329.5    71.3
  205.2    69.2
   87.2    72.3
  291.4    83.3
  196.0    76.8
  111.2    59.3
  197.2    75.2
  250.8    74.4
  304.5    83.5
  329.0    80.2
  359.3    86.3
  273.5    72.7
  211.8    53.3
